  [1m[35m (12.4ms)[0m  [1m[35mCREATE TABLE "schema_migrations" ("version" varchar NOT NULL PRIMARY KEY)[0m
  [1m[35m (4.3ms)[0m  [1m[35mCREATE TABLE "ar_internal_metadata" ("key" varchar NOT NULL PRIMARY KEY, "value" varchar, "created_at" datetime(6) NOT NULL, "updated_at" datetime(6) NOT NULL)[0m
  [1m[36mActiveRecord::SchemaMigration Pluck (0.3ms)[0m  [1m[34mSELECT "schema_migrations"."version" FROM "schema_migrations" ORDER BY "schema_migrations"."version" ASC[0m
Migrating to DeviseCreateUsers (20221206054714)
  [1m[36mTRANSACTION (0.1ms)[0m  [1m[36mbegin transaction[0m
  [1m[35m (0.4ms)[0m  [1m[35mCREATE TABLE "users" ("id" integer PRIMARY KEY AUTOINCREMENT NOT NULL, "email" varchar DEFAULT '' NOT NULL, "encrypted_password" varchar DEFAULT '' NOT NULL, "reset_password_token" varchar, "reset_password_sent_at" datetime(6), "remember_created_at" datetime(6), "role" integer, "created_at" datetime(6) NOT NULL, "updated_at" datetime(6) NOT NULL)[0m
  [1m[35m (0.2ms)[0m  [1m[35mCREATE UNIQUE INDEX "index_users_on_email" ON "users" ("email")[0m
  [1m[35m (0.2ms)[0m  [1m[35mCREATE UNIQUE INDEX "index_users_on_reset_password_token" ON "users" ("reset_password_token")[0m
  [1m[36mActiveRecord::SchemaMigration Create (0.4ms)[0m  [1m[32mINSERT INTO "schema_migrations" ("version") VALUES (?)[0m  [["version", "20221206054714"]]
  [1m[36mTRANSACTION (4.8ms)[0m  [1m[36mcommit transaction[0m
  [1m[36mActiveRecord::InternalMetadata Load (0.5ms)[0m  [1m[34mSELECT "ar_internal_metadata".* FROM "ar_internal_metadata" WHERE "ar_internal_metadata"."key" = ? LIMIT ?[0m  [["key", "environment"], ["LIMIT", 1]]
  [1m[36mTRANSACTION (0.2ms)[0m  [1m[36mbegin transaction[0m
  [1m[36mActiveRecord::InternalMetadata Create (0.5ms)[0m  [1m[32mINSERT INTO "ar_internal_metadata" ("key", "value", "created_at", "updated_at") VALUES (?, ?, ?, ?)[0m  [["key", "environment"], ["value", "development"], ["created_at", "2022-12-06 05:47:26.068941"], ["updated_at", "2022-12-06 05:47:26.068941"]]
  [1m[36mTRANSACTION (4.3ms)[0m  [1m[36mcommit transaction[0m
  [1m[36mActiveRecord::SchemaMigration Pluck (0.2ms)[0m  [1m[34mSELECT "schema_migrations"."version" FROM "schema_migrations" ORDER BY "schema_migrations"."version" ASC[0m
Started GET "/" for 127.0.0.1 at 2022-12-06 11:23:00 +0530
  [1m[36mActiveRecord::SchemaMigration Pluck (1.2ms)[0m  [1m[34mSELECT "schema_migrations"."version" FROM "schema_migrations" ORDER BY "schema_migrations"."version" ASC[0m
Processing by PagesController#home as HTML
  Rendering layout layouts/application.html.erb
  Rendering pages/home.html.erb within layouts/application
  Rendered pages/home.html.erb within layouts/application (Duration: 9.1ms | Allocations: 2322)
  Rendered layout layouts/application.html.erb (Duration: 9.5ms | Allocations: 2433)
Completed 500 Internal Server Error in 31ms (ActiveRecord: 0.0ms | Allocations: 6642)


  
ActionView::SyntaxErrorInTemplate (Encountered a syntax error while rendering template: check <h1>Pages#home</h1>
<p>Find me in app/views/pages/home.html.erb</p>

<%= if current_user %>

Hello <%= current_user.email %>!

    You have successfully authenticated with your devise account.
    You are not ready to interact with this application

    <% else %>

      You are not signed in yet.
      <%= link_to "Sign up!", new_user_registration_path %>
      <%= link_to "Log in!", new_user_session_path %>
      <% end %>

):
1:    <h1>Pages#home</h1>
2:    <p>Find me in app/views/pages/home.html.erb</p>
3:    
4:    <%= if current_user %>
5:    
6:    Hello <%= current_user.email %>!
7:    
8:        You have successfully authenticated with your devise account.
9:        You are not ready to interact with this application
10:    
11:        <% else %>
12:    
13:          You are not signed in yet.
14:          <%= link_to "Sign up!", new_user_registration_path %>
15:          <%= link_to "Log in!", new_user_session_path %>
16:          <% end %>
  
app/views/pages/home.html.erb:4: syntax error, unexpected ')', expecting `then' or ';' or '\n'
app/views/pages/home.html.erb:11: syntax error, unexpected `else', expecting ')'
app/views/pages/home.html.erb:16: syntax error, unexpected `end', expecting ')'
app/views/pages/home.html.erb:18: syntax error, unexpected `end', expecting ')'
app/views/pages/home.html.erb:4: syntax error, unexpected ')', expecting `then' or ';' or '\n'
app/views/pages/home.html.erb:11: syntax error, unexpected `else', expecting ')'
app/views/pages/home.html.erb:16: syntax error, unexpected `end', expecting ')'
app/views/pages/home.html.erb:18: syntax error, unexpected `end', expecting ')'
app/views/pages/home.html.erb:4: syntax error, unexpected ')', expecting `then' or ';' or '\n'
app/views/pages/home.html.erb:11: syntax error, unexpected `else', expecting ')'
app/views/pages/home.html.erb:16: syntax error, unexpected `end', expecting ')'
app/views/pages/home.html.erb:18: syntax error, unexpected `end', expecting ')'
app/views/pages/home.html.erb:4: syntax error, unexpected ')', expecting `then' or ';' or '\n'
app/views/pages/home.html.erb:11: syntax error, unexpected `else', expecting ')'
app/views/pages/home.html.erb:16: syntax error, unexpected `end', expecting ')'
app/views/pages/home.html.erb:18: syntax error, unexpected `end', expecting ')'
app/views/pages/home.html.erb:4: syntax error, unexpected ')', expecting `then' or ';' or '\n'
app/views/pages/home.html.erb:11: syntax error, unexpected `else', expecting ')'
app/views/pages/home.html.erb:16: syntax error, unexpected `end', expecting ')'
app/views/pages/home.html.erb:18: syntax error, unexpected `end', expecting ')'
app/views/pages/home.html.erb:4: syntax error, unexpected ')', expecting `then' or ';' or '\n'
app/views/pages/home.html.erb:11: syntax error, unexpected `else', expecting ')'
app/views/pages/home.html.erb:16: syntax error, unexpected `end', expecting ')'
app/views/pages/home.html.erb:18: syntax error, unexpected `end', expecting ')'
Started GET "/" for 127.0.0.1 at 2022-12-06 11:23:15 +0530
Processing by PagesController#home as HTML
  Rendering layout layouts/application.html.erb
  Rendering pages/home.html.erb within layouts/application
  Rendered pages/home.html.erb within layouts/application (Duration: 7.0ms | Allocations: 665)
  Rendered layout layouts/application.html.erb (Duration: 744.2ms | Allocations: 90317)
Completed 200 OK in 748ms (Views: 746.6ms | ActiveRecord: 0.0ms | Allocations: 91196)


Started GET "/users/sign_up" for 127.0.0.1 at 2022-12-06 11:23:18 +0530
Processing by Devise::RegistrationsController#new as HTML
  Rendering layout layouts/application.html.erb
  Rendering /home/dell/.rvm/gems/ruby-3.1.0/gems/devise-4.8.1/app/views/devise/registrations/new.html.erb within layouts/application
  Rendered /home/dell/.rvm/gems/ruby-3.1.0/gems/devise-4.8.1/app/views/devise/shared/_error_messages.html.erb (Duration: 0.9ms | Allocations: 237)
  Rendered /home/dell/.rvm/gems/ruby-3.1.0/gems/devise-4.8.1/app/views/devise/shared/_links.html.erb (Duration: 1.8ms | Allocations: 576)
  Rendered /home/dell/.rvm/gems/ruby-3.1.0/gems/devise-4.8.1/app/views/devise/registrations/new.html.erb within layouts/application (Duration: 34.9ms | Allocations: 7529)
  Rendered layout layouts/application.html.erb (Duration: 38.9ms | Allocations: 9890)
Completed 200 OK in 66ms (Views: 42.1ms | ActiveRecord: 1.1ms | Allocations: 17425)


Started GET "/users/sign_in" for 127.0.0.1 at 2022-12-06 11:23:21 +0530
Processing by Devise::SessionsController#new as HTML
  Rendering layout layouts/application.html.erb
  Rendering /home/dell/.rvm/gems/ruby-3.1.0/gems/devise-4.8.1/app/views/devise/sessions/new.html.erb within layouts/application
  Rendered /home/dell/.rvm/gems/ruby-3.1.0/gems/devise-4.8.1/app/views/devise/shared/_links.html.erb (Duration: 0.7ms | Allocations: 245)
  Rendered /home/dell/.rvm/gems/ruby-3.1.0/gems/devise-4.8.1/app/views/devise/sessions/new.html.erb within layouts/application (Duration: 12.0ms | Allocations: 2372)
  Rendered layout layouts/application.html.erb (Duration: 17.0ms | Allocations: 4718)
Completed 200 OK in 30ms (Views: 20.6ms | ActiveRecord: 0.0ms | Allocations: 6458)


Started GET "/" for 127.0.0.1 at 2022-12-06 11:29:42 +0530
  [1m[36mActiveRecord::SchemaMigration Pluck (0.2ms)[0m  [1m[34mSELECT "schema_migrations"."version" FROM "schema_migrations" ORDER BY "schema_migrations"."version" ASC[0m
Processing by PagesController#home as HTML
  Rendering layout layouts/application.html.erb
  Rendering pages/home.html.erb within layouts/application
  Rendered pages/home.html.erb within layouts/application (Duration: 15.4ms | Allocations: 1148)
  Rendered layout layouts/application.html.erb (Duration: 138.8ms | Allocations: 35283)
Completed 200 OK in 156ms (Views: 142.0ms | ActiveRecord: 0.0ms | Allocations: 38355)


Started GET "/users/sign_up" for 127.0.0.1 at 2022-12-06 11:29:44 +0530
Processing by Devise::RegistrationsController#new as HTML
  Rendering layout layouts/application.html.erb
  Rendering devise/registrations/new.html.erb within layouts/application
  Rendered devise/shared/_error_messages.html.erb (Duration: 0.7ms | Allocations: 241)
  Rendered devise/shared/_links.html.erb (Duration: 6.6ms | Allocations: 576)
  Rendered devise/registrations/new.html.erb within layouts/application (Duration: 51.1ms | Allocations: 4934)
  Rendered layout layouts/application.html.erb (Duration: 82.1ms | Allocations: 7302)
Completed 200 OK in 104ms (Views: 91.1ms | ActiveRecord: 0.7ms | Allocations: 14750)


Started POST "/users" for 127.0.0.1 at 2022-12-06 11:30:00 +0530
Processing by Devise::RegistrationsController#create as HTML
  Parameters: {"authenticity_token"=>"[FILTERED]", "user"=>{"email"=>"user@email.com", "password"=>"[FILTERED]", "password_confirmation"=>"[FILTERED]"}, "commit"=>"Sign up"}
  [1m[36mTRANSACTION (0.1ms)[0m  [1m[36mbegin transaction[0m
  [1m[36mUser Exists? (0.4ms)[0m  [1m[34mSELECT 1 AS one FROM "users" WHERE "users"."email" = ? LIMIT ?[0m  [["email", "user@email.com"], ["LIMIT", 1]]
  [1m[36mUser Create (2.7ms)[0m  [1m[32mINSERT INTO "users" ("email", "encrypted_password", "reset_password_token", "reset_password_sent_at", "remember_created_at", "role", "created_at", "updated_at") VALUES (?, ?, ?, ?, ?, ?, ?, ?)[0m  [["email", "user@email.com"], ["encrypted_password", "[FILTERED]"], ["reset_password_token", "[FILTERED]"], ["reset_password_sent_at", "[FILTERED]"], ["remember_created_at", nil], ["role", nil], ["created_at", "2022-12-06 06:00:00.674651"], ["updated_at", "2022-12-06 06:00:00.674651"]]
  [1m[36mTRANSACTION (2.8ms)[0m  [1m[36mcommit transaction[0m
Redirected to http://localhost:3000/
Completed 302 Found in 468ms (ActiveRecord: 6.1ms | Allocations: 10988)


Started GET "/" for 127.0.0.1 at 2022-12-06 11:30:00 +0530
Processing by PagesController#home as HTML
  Rendering layout layouts/application.html.erb
  Rendering pages/home.html.erb within layouts/application
  [1m[36mUser Load (0.4ms)[0m  [1m[34mSELECT "users".* FROM "users" WHERE "users"."id" = ? ORDER BY "users"."id" ASC LIMIT ?[0m  [["id", 1], ["LIMIT", 1]]
  ↳ app/views/pages/home.html.erb:4
  Rendered pages/home.html.erb within layouts/application (Duration: 6.4ms | Allocations: 1445)
  Rendered layout layouts/application.html.erb (Duration: 13.8ms | Allocations: 3746)
Completed 200 OK in 17ms (Views: 14.4ms | ActiveRecord: 0.4ms | Allocations: 4057)


Started DELETE "/users/sign_out" for 127.0.0.1 at 2022-12-06 11:30:05 +0530
Processing by Devise::SessionsController#destroy as TURBO_STREAM
  [1m[36mUser Load (0.2ms)[0m  [1m[34mSELECT "users".* FROM "users" WHERE "users"."id" = ? ORDER BY "users"."id" ASC LIMIT ?[0m  [["id", 1], ["LIMIT", 1]]
Redirected to http://localhost:3000/
Completed 302 Found in 10ms (ActiveRecord: 0.2ms | Allocations: 2898)


Started GET "/" for 127.0.0.1 at 2022-12-06 11:30:05 +0530
Processing by PagesController#home as TURBO_STREAM
  Rendering layout layouts/application.html.erb
  Rendering pages/home.html.erb within layouts/application
  Rendered pages/home.html.erb within layouts/application (Duration: 0.7ms | Allocations: 375)
  Rendered layout layouts/application.html.erb (Duration: 5.6ms | Allocations: 2681)
Completed 200 OK in 7ms (Views: 6.2ms | ActiveRecord: 0.0ms | Allocations: 3036)


Started GET "/" for 127.0.0.1 at 2022-12-07 13:58:19 +0530
  [1m[36mActiveRecord::SchemaMigration Pluck (0.2ms)[0m  [1m[34mSELECT "schema_migrations"."version" FROM "schema_migrations" ORDER BY "schema_migrations"."version" ASC[0m
Processing by PagesController#home as HTML
  Rendering layout layouts/application.html.erb
  Rendering pages/home.html.erb within layouts/application
  Rendered pages/home.html.erb within layouts/application (Duration: 11.7ms | Allocations: 1198)
  Rendered layout layouts/application.html.erb (Duration: 463.5ms | Allocations: 89634)
Completed 200 OK in 483ms (Views: 470.9ms | ActiveRecord: 0.0ms | Allocations: 93900)


Started GET "/users/sign_in" for 127.0.0.1 at 2022-12-07 13:58:25 +0530
Processing by Devise::SessionsController#new as HTML
  Rendering layout layouts/application.html.erb
  Rendering devise/sessions/new.html.erb within layouts/application
  Rendered devise/shared/_links.html.erb (Duration: 1.8ms | Allocations: 670)
  Rendered devise/sessions/new.html.erb within layouts/application (Duration: 25.5ms | Allocations: 7222)
  Rendered layout layouts/application.html.erb (Duration: 29.7ms | Allocations: 9582)
Completed 200 OK in 56ms (Views: 32.2ms | ActiveRecord: 1.3ms | Allocations: 17803)


  [1m[36mUser Load (0.2ms)[0m  [1m[34mSELECT "users".* FROM "users"[0m
Started POST "/users/sign_in" for 127.0.0.1 at 2022-12-07 13:58:51 +0530
Processing by Devise::SessionsController#create as HTML
  Parameters: {"authenticity_token"=>"[FILTERED]", "user"=>{"email"=>"user@email.com", "password"=>"[FILTERED]", "remember_me"=>"0"}, "commit"=>"Log in"}
  [1m[36mUser Load (0.4ms)[0m  [1m[34mSELECT "users".* FROM "users" WHERE "users"."email" = ? ORDER BY "users"."id" ASC LIMIT ?[0m  [["email", "user@email.com"], ["LIMIT", 1]]
Completed 401 Unauthorized in 430ms (ActiveRecord: 0.4ms | Allocations: 5006)


Processing by Devise::SessionsController#new as HTML
  Parameters: {"authenticity_token"=>"[FILTERED]", "user"=>{"email"=>"user@email.com", "password"=>"[FILTERED]", "remember_me"=>"0"}, "commit"=>"Log in"}
  Rendering layout layouts/application.html.erb
  Rendering devise/sessions/new.html.erb within layouts/application
  Rendered devise/shared/_links.html.erb (Duration: 0.5ms | Allocations: 133)
  Rendered devise/sessions/new.html.erb within layouts/application (Duration: 5.8ms | Allocations: 1349)
  Rendered layout layouts/application.html.erb (Duration: 12.2ms | Allocations: 3624)
Completed 200 OK in 420ms (Views: 14.3ms | ActiveRecord: 0.0ms | Allocations: 4299)


Started POST "/users/sign_in" for 127.0.0.1 at 2022-12-07 13:58:59 +0530
Processing by Devise::SessionsController#create as HTML
  Parameters: {"authenticity_token"=>"[FILTERED]", "user"=>{"email"=>"user@email.com", "password"=>"[FILTERED]", "remember_me"=>"0"}, "commit"=>"Log in"}
  [1m[36mUser Load (0.1ms)[0m  [1m[34mSELECT "users".* FROM "users" WHERE "users"."email" = ? ORDER BY "users"."id" ASC LIMIT ?[0m  [["email", "user@email.com"], ["LIMIT", 1]]
Redirected to http://localhost:3000/
Completed 302 Found in 412ms (ActiveRecord: 0.1ms | Allocations: 3851)


Started GET "/" for 127.0.0.1 at 2022-12-07 13:58:59 +0530
Processing by PagesController#home as HTML
  Rendering layout layouts/application.html.erb
  Rendering pages/home.html.erb within layouts/application
  [1m[36mUser Load (0.3ms)[0m  [1m[34mSELECT "users".* FROM "users" WHERE "users"."id" = ? ORDER BY "users"."id" ASC LIMIT ?[0m  [["id", 1], ["LIMIT", 1]]
  ↳ app/views/pages/home.html.erb:4
  Rendered pages/home.html.erb within layouts/application (Duration: 4.4ms | Allocations: 1339)
  Rendered layout layouts/application.html.erb (Duration: 8.4ms | Allocations: 3642)
Completed 200 OK in 10ms (Views: 9.0ms | ActiveRecord: 0.3ms | Allocations: 3953)


Started GET "/" for 127.0.0.1 at 2022-12-07 14:02:34 +0530
Processing by PagesController#home as HTML
  Rendering layout layouts/application.html.erb
  Rendering pages/home.html.erb within layouts/application
  [1m[36mUser Load (0.2ms)[0m  [1m[34mSELECT "users".* FROM "users" WHERE "users"."id" = ? ORDER BY "users"."id" ASC LIMIT ?[0m  [["id", 1], ["LIMIT", 1]]
  ↳ app/views/pages/home.html.erb:4
  Rendered pages/home.html.erb within layouts/application (Duration: 4.3ms | Allocations: 1569)
  Rendered layout layouts/application.html.erb (Duration: 13.3ms | Allocations: 4123)
Completed 200 OK in 16ms (Views: 14.8ms | ActiveRecord: 0.2ms | Allocations: 4951)


Started GET "/" for 127.0.0.1 at 2022-12-07 14:02:45 +0530
Processing by PagesController#home as HTML
  Rendering layout layouts/application.html.erb
  Rendering pages/home.html.erb within layouts/application
  [1m[36mUser Load (0.5ms)[0m  [1m[34mSELECT "users".* FROM "users" WHERE "users"."id" = ? ORDER BY "users"."id" ASC LIMIT ?[0m  [["id", 1], ["LIMIT", 1]]
  ↳ app/views/pages/home.html.erb:4
  Rendered pages/home.html.erb within layouts/application (Duration: 7.6ms | Allocations: 1576)
  Rendered layout layouts/application.html.erb (Duration: 37.7ms | Allocations: 4130)
Completed 200 OK in 43ms (Views: 40.4ms | ActiveRecord: 0.5ms | Allocations: 4963)


Started GET "/" for 127.0.0.1 at 2022-12-07 14:02:53 +0530
Processing by PagesController#home as HTML
  Rendering layout layouts/application.html.erb
  Rendering pages/home.html.erb within layouts/application
  [1m[36mUser Load (0.1ms)[0m  [1m[34mSELECT "users".* FROM "users" WHERE "users"."id" = ? ORDER BY "users"."id" ASC LIMIT ?[0m  [["id", 1], ["LIMIT", 1]]
  ↳ app/views/pages/home.html.erb:4
  Rendered pages/home.html.erb within layouts/application (Duration: 3.9ms | Allocations: 1561)
  Rendered layout layouts/application.html.erb (Duration: 10.9ms | Allocations: 4119)
Completed 200 OK in 18ms (Views: 15.9ms | ActiveRecord: 0.1ms | Allocations: 4945)


  [1m[36mUser Load (0.4ms)[0m  [1m[34mSELECT "users".* FROM "users" ORDER BY "users"."id" ASC LIMIT ?[0m  [["LIMIT", 1]]
Started GET "/" for 127.0.0.1 at 2022-12-07 14:06:05 +0530
Processing by PagesController#home as HTML
  Rendering layout layouts/application.html.erb
  Rendering pages/home.html.erb within layouts/application
  [1m[36mUser Load (0.3ms)[0m  [1m[34mSELECT "users".* FROM "users" WHERE "users"."id" = ? ORDER BY "users"."id" ASC LIMIT ?[0m  [["id", 1], ["LIMIT", 1]]
  ↳ app/views/pages/home.html.erb:4
  Rendered pages/home.html.erb within layouts/application (Duration: 18.6ms | Allocations: 4372)
  Rendered layout layouts/application.html.erb (Duration: 40.9ms | Allocations: 18219)
Completed 200 OK in 43ms (Views: 42.8ms | ActiveRecord: 1.6ms | Allocations: 18823)


Started GET "/" for 127.0.0.1 at 2022-12-07 14:06:59 +0530
Processing by PagesController#home as HTML
  Rendering layout layouts/application.html.erb
  Rendering pages/home.html.erb within layouts/application
  [1m[36mUser Load (0.6ms)[0m  [1m[34mSELECT "users".* FROM "users" WHERE "users"."id" = ? ORDER BY "users"."id" ASC LIMIT ?[0m  [["id", 1], ["LIMIT", 1]]
  ↳ app/views/pages/home.html.erb:4
  Rendered pages/home.html.erb within layouts/application (Duration: 8.8ms | Allocations: 1598)
  Rendered layout layouts/application.html.erb (Duration: 17.0ms | Allocations: 4153)
Completed 200 OK in 22ms (Views: 19.7ms | ActiveRecord: 0.6ms | Allocations: 4999)


Started DELETE "/users/sign_out" for 127.0.0.1 at 2022-12-07 14:09:24 +0530
Processing by Devise::SessionsController#destroy as TURBO_STREAM
  [1m[36mUser Load (0.2ms)[0m  [1m[34mSELECT "users".* FROM "users" WHERE "users"."id" = ? ORDER BY "users"."id" ASC LIMIT ?[0m  [["id", 1], ["LIMIT", 1]]
Redirected to http://localhost:3000/
Completed 302 Found in 11ms (ActiveRecord: 0.2ms | Allocations: 3222)


Started GET "/" for 127.0.0.1 at 2022-12-07 14:09:24 +0530
Processing by PagesController#home as TURBO_STREAM
  Rendering layout layouts/application.html.erb
  Rendering pages/home.html.erb within layouts/application
  Rendered pages/home.html.erb within layouts/application (Duration: 0.8ms | Allocations: 474)
  Rendered layout layouts/application.html.erb (Duration: 4.6ms | Allocations: 2777)
Completed 200 OK in 6ms (Views: 5.4ms | ActiveRecord: 0.0ms | Allocations: 3131)


Started GET "/users/sign_in" for 127.0.0.1 at 2022-12-07 14:09:25 +0530
Processing by Devise::SessionsController#new as HTML
  Rendering layout layouts/application.html.erb
  Rendering devise/sessions/new.html.erb within layouts/application
  Rendered devise/shared/_links.html.erb (Duration: 1.3ms | Allocations: 543)
  Rendered devise/sessions/new.html.erb within layouts/application (Duration: 6.5ms | Allocations: 2272)
  Rendered layout layouts/application.html.erb (Duration: 10.5ms | Allocations: 4629)
Completed 200 OK in 17ms (Views: 14.8ms | ActiveRecord: 0.0ms | Allocations: 5856)


Started POST "/users/sign_in" for 127.0.0.1 at 2022-12-07 14:09:39 +0530
Processing by Devise::SessionsController#create as HTML
  Parameters: {"authenticity_token"=>"[FILTERED]", "user"=>{"email"=>"user@email.com", "password"=>"[FILTERED]", "remember_me"=>"0"}, "commit"=>"Log in"}
  [1m[36mUser Load (0.3ms)[0m  [1m[34mSELECT "users".* FROM "users" WHERE "users"."email" = ? ORDER BY "users"."id" ASC LIMIT ?[0m  [["email", "user@email.com"], ["LIMIT", 1]]
Redirected to http://localhost:3000/
Completed 302 Found in 411ms (ActiveRecord: 0.3ms | Allocations: 2951)


Started GET "/" for 127.0.0.1 at 2022-12-07 14:09:39 +0530
Processing by PagesController#home as HTML
  Rendering layout layouts/application.html.erb
  Rendering pages/home.html.erb within layouts/application
  [1m[36mUser Load (0.1ms)[0m  [1m[34mSELECT "users".* FROM "users" WHERE "users"."id" = ? ORDER BY "users"."id" ASC LIMIT ?[0m  [["id", 1], ["LIMIT", 1]]
  ↳ app/views/pages/home.html.erb:4
  Rendered pages/home.html.erb within layouts/application (Duration: 3.6ms | Allocations: 1069)
  Rendered layout layouts/application.html.erb (Duration: 25.3ms | Allocations: 3259)
Completed 200 OK in 26ms (Views: 25.7ms | ActiveRecord: 0.1ms | Allocations: 3519)


Started GET "/" for 127.0.0.1 at 2022-12-07 14:12:39 +0530
Processing by PagesController#home as HTML
  Rendering layout layouts/application.html.erb
  Rendering pages/home.html.erb within layouts/application
  [1m[36mUser Load (0.4ms)[0m  [1m[34mSELECT "users".* FROM "users" WHERE "users"."id" = ? ORDER BY "users"."id" ASC LIMIT ?[0m  [["id", 1], ["LIMIT", 1]]
  ↳ app/views/pages/home.html.erb:4
  Rendered pages/home.html.erb within layouts/application (Duration: 14.9ms | Allocations: 4329)
  Rendered layout layouts/application.html.erb (Duration: 40.2ms | Allocations: 18188)
Completed 200 OK in 43ms (Views: 42.0ms | ActiveRecord: 1.5ms | Allocations: 18793)


Started GET "/" for 127.0.0.1 at 2022-12-07 14:13:19 +0530
Processing by PagesController#home as HTML
  Rendering layout layouts/application.html.erb
  Rendering pages/home.html.erb within layouts/application
  [1m[36mUser Load (0.2ms)[0m  [1m[34mSELECT "users".* FROM "users" WHERE "users"."id" = ? ORDER BY "users"."id" ASC LIMIT ?[0m  [["id", 1], ["LIMIT", 1]]
  ↳ app/views/pages/home.html.erb:4
  Rendered pages/home.html.erb within layouts/application (Duration: 4.1ms | Allocations: 1091)
  Rendered layout layouts/application.html.erb (Duration: 13.4ms | Allocations: 3275)
Completed 200 OK in 16ms (Views: 14.6ms | ActiveRecord: 0.2ms | Allocations: 3555)


  [1m[36mUser Load (0.2ms)[0m  [1m[34mSELECT "users".* FROM "users"[0m
Started DELETE "/users/sign_out" for 127.0.0.1 at 2022-12-07 14:20:34 +0530
Processing by Devise::SessionsController#destroy as TURBO_STREAM
  [1m[36mUser Load (0.2ms)[0m  [1m[34mSELECT "users".* FROM "users" WHERE "users"."id" = ? ORDER BY "users"."id" ASC LIMIT ?[0m  [["id", 1], ["LIMIT", 1]]
Redirected to http://localhost:3000/
Completed 302 Found in 10ms (ActiveRecord: 0.8ms | Allocations: 2680)


Started GET "/" for 127.0.0.1 at 2022-12-07 14:20:34 +0530
Processing by PagesController#home as TURBO_STREAM
  Rendering layout layouts/application.html.erb
  Rendering pages/home.html.erb within layouts/application
  Rendered pages/home.html.erb within layouts/application (Duration: 1.2ms | Allocations: 424)
  Rendered layout layouts/application.html.erb (Duration: 6.6ms | Allocations: 2718)
Completed 200 OK in 8ms (Views: 7.3ms | ActiveRecord: 0.0ms | Allocations: 3020)


Started GET "/users/sign_in" for 127.0.0.1 at 2022-12-07 14:20:35 +0530
Processing by Devise::SessionsController#new as HTML
  Rendering layout layouts/application.html.erb
  Rendering devise/sessions/new.html.erb within layouts/application
  Rendered devise/shared/_links.html.erb (Duration: 0.8ms | Allocations: 160)
  Rendered devise/sessions/new.html.erb within layouts/application (Duration: 4.7ms | Allocations: 1512)
  Rendered layout layouts/application.html.erb (Duration: 12.9ms | Allocations: 3870)
Completed 200 OK in 16ms (Views: 14.6ms | ActiveRecord: 0.0ms | Allocations: 4868)


Started POST "/users/sign_in" for 127.0.0.1 at 2022-12-07 14:20:41 +0530
Processing by Devise::SessionsController#create as HTML
  Parameters: {"authenticity_token"=>"[FILTERED]", "user"=>{"email"=>"user@email.com", "password"=>"[FILTERED]", "remember_me"=>"0"}, "commit"=>"Log in"}
  [1m[36mUser Load (0.4ms)[0m  [1m[34mSELECT "users".* FROM "users" WHERE "users"."email" = ? ORDER BY "users"."id" ASC LIMIT ?[0m  [["email", "user@email.com"], ["LIMIT", 1]]
Redirected to http://localhost:3000/
Completed 302 Found in 432ms (ActiveRecord: 0.4ms | Allocations: 2726)


Started GET "/" for 127.0.0.1 at 2022-12-07 14:20:41 +0530
Processing by PagesController#home as HTML
  Rendering layout layouts/application.html.erb
  Rendering pages/home.html.erb within layouts/application
  [1m[36mUser Load (0.2ms)[0m  [1m[34mSELECT "users".* FROM "users" WHERE "users"."id" = ? ORDER BY "users"."id" ASC LIMIT ?[0m  [["id", 1], ["LIMIT", 1]]
  ↳ app/views/pages/home.html.erb:4
  Rendered pages/home.html.erb within layouts/application (Duration: 4.4ms | Allocations: 1081)
  Rendered layout layouts/application.html.erb (Duration: 11.2ms | Allocations: 3272)
Completed 200 OK in 13ms (Views: 12.1ms | ActiveRecord: 0.2ms | Allocations: 3532)


Started GET "/" for 127.0.0.1 at 2022-12-07 14:22:25 +0530
Processing by PagesController#home as HTML
  Rendering layout layouts/application.html.erb
  Rendering pages/home.html.erb within layouts/application
  [1m[36mUser Load (0.3ms)[0m  [1m[34mSELECT "users".* FROM "users" WHERE "users"."id" = ? ORDER BY "users"."id" ASC LIMIT ?[0m  [["id", 1], ["LIMIT", 1]]
  ↳ app/views/pages/home.html.erb:4
  Rendered pages/home.html.erb within layouts/application (Duration: 20.6ms | Allocations: 7628)
  Rendered layout layouts/application.html.erb (Duration: 20.9ms | Allocations: 7713)
Completed 500 Internal Server Error in 25ms (ActiveRecord: 0.3ms | Allocations: 8528)


  
ActionView::Template::Error (undefined method `roles' for #<User id: 1, email: "user@email.com", role: nil, created_at: "2022-12-06 06:00:00.674651000 +0000", updated_at: "2022-12-06 06:00:00.674651000 +0000">
Did you mean?  role
               role?
               role=):
     5: 
     6: Hello <%= current_user.email %>!
     7: <br/>
     8: You are a  [<%= current_user.roles %>]
     9: <br/>
    10: 
    11:     You have successfully authenticated with your devise account.
  
app/views/pages/home.html.erb:8
Started GET "/" for 127.0.0.1 at 2022-12-07 14:22:35 +0530
Processing by PagesController#home as HTML
  Rendering layout layouts/application.html.erb
  Rendering pages/home.html.erb within layouts/application
  [1m[36mUser Load (0.2ms)[0m  [1m[34mSELECT "users".* FROM "users" WHERE "users"."id" = ? ORDER BY "users"."id" ASC LIMIT ?[0m  [["id", 1], ["LIMIT", 1]]
  ↳ app/views/pages/home.html.erb:4
  Rendered pages/home.html.erb within layouts/application (Duration: 6.2ms | Allocations: 1565)
  Rendered layout layouts/application.html.erb (Duration: 13.6ms | Allocations: 4131)
Completed 200 OK in 23ms (Views: 19.4ms | ActiveRecord: 0.2ms | Allocations: 4954)


Started GET "/" for 127.0.0.1 at 2022-12-07 14:22:40 +0530
Processing by PagesController#home as HTML
  Rendering layout layouts/application.html.erb
  Rendering pages/home.html.erb within layouts/application
  [1m[36mUser Load (0.2ms)[0m  [1m[34mSELECT "users".* FROM "users" WHERE "users"."id" = ? ORDER BY "users"."id" ASC LIMIT ?[0m  [["id", 1], ["LIMIT", 1]]
  ↳ app/views/pages/home.html.erb:4
  Rendered pages/home.html.erb within layouts/application (Duration: 3.3ms | Allocations: 1064)
  Rendered layout layouts/application.html.erb (Duration: 13.1ms | Allocations: 3248)
Completed 200 OK in 15ms (Views: 13.8ms | ActiveRecord: 0.2ms | Allocations: 3526)


  [1m[36mUser Load (0.4ms)[0m  [1m[34mSELECT "users".* FROM "users" ORDER BY "users"."id" ASC LIMIT ?[0m  [["LIMIT", 1]]
Started GET "/" for 127.0.0.1 at 2022-12-07 14:29:26 +0530
Processing by PagesController#home as HTML
  Rendering layout layouts/application.html.erb
  Rendering pages/home.html.erb within layouts/application
  [1m[36mUser Load (0.3ms)[0m  [1m[34mSELECT "users".* FROM "users" WHERE "users"."id" = ? ORDER BY "users"."id" ASC LIMIT ?[0m  [["id", 1], ["LIMIT", 1]]
  ↳ app/views/pages/home.html.erb:4
  Rendered pages/home.html.erb within layouts/application (Duration: 6.2ms | Allocations: 1263)
  Rendered layout layouts/application.html.erb (Duration: 12.4ms | Allocations: 3447)
Completed 200 OK in 14ms (Views: 13.1ms | ActiveRecord: 0.9ms | Allocations: 3704)


Started GET "/" for 127.0.0.1 at 2022-12-07 15:24:10 +0530
Processing by PagesController#home as HTML
  Rendering layout layouts/application.html.erb
  Rendering pages/home.html.erb within layouts/application
  [1m[36mUser Load (0.1ms)[0m  [1m[34mSELECT "users".* FROM "users" WHERE "users"."id" = ? ORDER BY "users"."id" ASC LIMIT ?[0m  [["id", 1], ["LIMIT", 1]]
  ↳ app/views/pages/home.html.erb:4
  Rendered pages/home.html.erb within layouts/application (Duration: 3.0ms | Allocations: 1241)
  Rendered layout layouts/application.html.erb (Duration: 10.4ms | Allocations: 3425)
Completed 200 OK in 12ms (Views: 11.2ms | ActiveRecord: 0.5ms | Allocations: 3682)


  [1m[36mTRANSACTION (0.2ms)[0m  [1m[36mbegin transaction[0m
  [1m[36mUser Update (0.8ms)[0m  [1m[33mUPDATE "users" SET "role" = ?, "updated_at" = ? WHERE "users"."id" = ?[0m  [["role", 0], ["updated_at", "2022-12-07 09:54:19.218006"], ["id", 1]]
  [1m[36mTRANSACTION (3.6ms)[0m  [1m[36mcommit transaction[0m
Started GET "/" for 127.0.0.1 at 2022-12-07 15:24:23 +0530
Processing by PagesController#home as HTML
  Rendering layout layouts/application.html.erb
  Rendering pages/home.html.erb within layouts/application
  [1m[36mUser Load (0.5ms)[0m  [1m[34mSELECT "users".* FROM "users" WHERE "users"."id" = ? ORDER BY "users"."id" ASC LIMIT ?[0m  [["id", 1], ["LIMIT", 1]]
  ↳ app/views/pages/home.html.erb:4
  Rendered pages/home.html.erb within layouts/application (Duration: 9.2ms | Allocations: 1083)
  Rendered layout layouts/application.html.erb (Duration: 20.2ms | Allocations: 3267)
Completed 200 OK in 23ms (Views: 21.1ms | ActiveRecord: 0.5ms | Allocations: 3526)


  [1m[36mTRANSACTION (0.1ms)[0m  [1m[36mbegin transaction[0m
  [1m[36mUser Update (0.6ms)[0m  [1m[33mUPDATE "users" SET "role" = ?, "updated_at" = ? WHERE "users"."id" = ?[0m  [["role", 1], ["updated_at", "2022-12-07 09:54:32.900776"], ["id", 1]]
  [1m[36mTRANSACTION (3.6ms)[0m  [1m[36mcommit transaction[0m
Started GET "/" for 127.0.0.1 at 2022-12-07 15:24:38 +0530
Processing by PagesController#home as HTML
  Rendering layout layouts/application.html.erb
  Rendering pages/home.html.erb within layouts/application
  [1m[36mUser Load (0.5ms)[0m  [1m[34mSELECT "users".* FROM "users" WHERE "users"."id" = ? ORDER BY "users"."id" ASC LIMIT ?[0m  [["id", 1], ["LIMIT", 1]]
  ↳ app/views/pages/home.html.erb:4
  Rendered pages/home.html.erb within layouts/application (Duration: 10.0ms | Allocations: 1068)
  Rendered layout layouts/application.html.erb (Duration: 18.4ms | Allocations: 3252)
Completed 200 OK in 21ms (Views: 19.3ms | ActiveRecord: 0.5ms | Allocations: 3511)


Started GET "/" for 127.0.0.1 at 2022-12-07 15:24:41 +0530
Processing by PagesController#home as HTML
  Rendering layout layouts/application.html.erb
  Rendering pages/home.html.erb within layouts/application
  [1m[36mUser Load (0.4ms)[0m  [1m[34mSELECT "users".* FROM "users" WHERE "users"."id" = ? ORDER BY "users"."id" ASC LIMIT ?[0m  [["id", 1], ["LIMIT", 1]]
  ↳ app/views/pages/home.html.erb:4
  Rendered pages/home.html.erb within layouts/application (Duration: 7.4ms | Allocations: 1056)
  Rendered layout layouts/application.html.erb (Duration: 19.5ms | Allocations: 3240)
Completed 200 OK in 23ms (Views: 20.7ms | ActiveRecord: 0.4ms | Allocations: 3499)


Started DELETE "/users/sign_out" for 127.0.0.1 at 2022-12-07 15:24:43 +0530
Processing by Devise::SessionsController#destroy as TURBO_STREAM
  [1m[36mUser Load (0.5ms)[0m  [1m[34mSELECT "users".* FROM "users" WHERE "users"."id" = ? ORDER BY "users"."id" ASC LIMIT ?[0m  [["id", 1], ["LIMIT", 1]]
Redirected to http://localhost:3000/
Completed 302 Found in 10ms (ActiveRecord: 0.5ms | Allocations: 1858)


Started GET "/" for 127.0.0.1 at 2022-12-07 15:24:43 +0530
Processing by PagesController#home as TURBO_STREAM
  Rendering layout layouts/application.html.erb
  Rendering pages/home.html.erb within layouts/application
  Rendered pages/home.html.erb within layouts/application (Duration: 1.3ms | Allocations: 386)
  Rendered layout layouts/application.html.erb (Duration: 6.5ms | Allocations: 2576)
Completed 200 OK in 8ms (Views: 7.3ms | ActiveRecord: 0.0ms | Allocations: 2884)


Started GET "/users/sign_in" for 127.0.0.1 at 2022-12-07 15:24:44 +0530
Processing by Devise::SessionsController#new as HTML
  Rendering layout layouts/application.html.erb
  Rendering devise/sessions/new.html.erb within layouts/application
  Rendered devise/shared/_links.html.erb (Duration: 1.8ms | Allocations: 526)
  Rendered devise/sessions/new.html.erb within layouts/application (Duration: 11.3ms | Allocations: 2226)
  Rendered layout layouts/application.html.erb (Duration: 18.5ms | Allocations: 4581)
Completed 200 OK in 28ms (Views: 22.9ms | ActiveRecord: 0.0ms | Allocations: 5705)


Started POST "/users/sign_in" for 127.0.0.1 at 2022-12-07 15:24:55 +0530
Processing by Devise::SessionsController#create as HTML
  Parameters: {"authenticity_token"=>"[FILTERED]", "user"=>{"email"=>"user@email.com", "password"=>"[FILTERED]", "remember_me"=>"0"}, "commit"=>"Log in"}
  [1m[36mUser Load (0.2ms)[0m  [1m[34mSELECT "users".* FROM "users" WHERE "users"."email" = ? ORDER BY "users"."id" ASC LIMIT ?[0m  [["email", "user@email.com"], ["LIMIT", 1]]
Redirected to http://localhost:3000/
Completed 302 Found in 407ms (ActiveRecord: 0.2ms | Allocations: 2881)


Started GET "/" for 127.0.0.1 at 2022-12-07 15:24:56 +0530
Processing by PagesController#home as HTML
  Rendering layout layouts/application.html.erb
  Rendering pages/home.html.erb within layouts/application
  [1m[36mUser Load (0.2ms)[0m  [1m[34mSELECT "users".* FROM "users" WHERE "users"."id" = ? ORDER BY "users"."id" ASC LIMIT ?[0m  [["id", 1], ["LIMIT", 1]]
  ↳ app/views/pages/home.html.erb:4
  Rendered pages/home.html.erb within layouts/application (Duration: 3.4ms | Allocations: 1070)
  Rendered layout layouts/application.html.erb (Duration: 8.5ms | Allocations: 3260)
Completed 200 OK in 10ms (Views: 9.0ms | ActiveRecord: 0.2ms | Allocations: 3520)


Started GET "/" for 127.0.0.1 at 2022-12-07 15:27:50 +0530
Processing by PagesController#home as HTML
  Rendering layout layouts/application.html.erb
  Rendering pages/home.html.erb within layouts/application
  [1m[36mUser Load (0.1ms)[0m  [1m[34mSELECT "users".* FROM "users" WHERE "users"."id" = ? ORDER BY "users"."id" ASC LIMIT ?[0m  [["id", 1], ["LIMIT", 1]]
  ↳ app/views/pages/home.html.erb:4
  Rendered pages/home.html.erb within layouts/application (Duration: 3.8ms | Allocations: 1661)
  Rendered layout layouts/application.html.erb (Duration: 11.8ms | Allocations: 4226)
Completed 200 OK in 15ms (Views: 13.6ms | ActiveRecord: 0.1ms | Allocations: 5033)


  [1m[36mUser Load (0.4ms)[0m  [1m[34mSELECT "users".* FROM "users" ORDER BY "users"."id" ASC LIMIT ?[0m  [["LIMIT", 1]]
  [1m[36mTRANSACTION (0.2ms)[0m  [1m[36mbegin transaction[0m
  [1m[36mUser Update (1.2ms)[0m  [1m[33mUPDATE "users" SET "role" = ?, "updated_at" = ? WHERE "users"."id" = ?[0m  [["role", 2], ["updated_at", "2022-12-07 09:58:36.728413"], ["id", 1]]
  [1m[36mTRANSACTION (5.3ms)[0m  [1m[36mcommit transaction[0m
Started GET "/" for 127.0.0.1 at 2022-12-07 15:28:54 +0530
Processing by PagesController#home as HTML
  Rendering layout layouts/application.html.erb
  Rendering pages/home.html.erb within layouts/application
  [1m[36mUser Load (0.2ms)[0m  [1m[34mSELECT "users".* FROM "users" WHERE "users"."id" = ? ORDER BY "users"."id" ASC LIMIT ?[0m  [["id", 1], ["LIMIT", 1]]
  ↳ app/views/pages/home.html.erb:4
  [1m[36mUser Count (0.2ms)[0m  [1m[34mSELECT COUNT(*) FROM "users"[0m
  ↳ app/views/pages/home.html.erb:9
  Rendered pages/home.html.erb within layouts/application (Duration: 4.8ms | Allocations: 1700)
  Rendered layout layouts/application.html.erb (Duration: 10.2ms | Allocations: 3884)
Completed 200 OK in 12ms (Views: 10.7ms | ActiveRecord: 0.3ms | Allocations: 4162)


  [1m[36mTRANSACTION (0.1ms)[0m  [1m[36mbegin transaction[0m
  [1m[36mUser Update (0.7ms)[0m  [1m[33mUPDATE "users" SET "role" = ?, "updated_at" = ? WHERE "users"."id" = ?[0m  [["role", 1], ["updated_at", "2022-12-07 09:59:06.843624"], ["id", 1]]
  [1m[36mTRANSACTION (3.4ms)[0m  [1m[36mcommit transaction[0m
Started GET "/" for 127.0.0.1 at 2022-12-07 15:29:09 +0530
Processing by PagesController#home as HTML
  Rendering layout layouts/application.html.erb
  Rendering pages/home.html.erb within layouts/application
  [1m[36mUser Load (0.1ms)[0m  [1m[34mSELECT "users".* FROM "users" WHERE "users"."id" = ? ORDER BY "users"."id" ASC LIMIT ?[0m  [["id", 1], ["LIMIT", 1]]
  ↳ app/views/pages/home.html.erb:4
  Rendered pages/home.html.erb within layouts/application (Duration: 2.7ms | Allocations: 1075)
  Rendered layout layouts/application.html.erb (Duration: 7.1ms | Allocations: 3259)
Completed 200 OK in 8ms (Views: 7.6ms | ActiveRecord: 0.1ms | Allocations: 3519)


  [1m[36mTRANSACTION (0.1ms)[0m  [1m[36mbegin transaction[0m
  [1m[36mUser Update (0.6ms)[0m  [1m[33mUPDATE "users" SET "role" = ?, "updated_at" = ? WHERE "users"."id" = ?[0m  [["role", 2], ["updated_at", "2022-12-07 09:59:18.192190"], ["id", 1]]
  [1m[36mTRANSACTION (4.7ms)[0m  [1m[36mcommit transaction[0m
Started GET "/" for 127.0.0.1 at 2022-12-07 15:29:20 +0530
Processing by PagesController#home as HTML
  Rendering layout layouts/application.html.erb
  Rendering pages/home.html.erb within layouts/application
  [1m[36mUser Load (0.3ms)[0m  [1m[34mSELECT "users".* FROM "users" WHERE "users"."id" = ? ORDER BY "users"."id" ASC LIMIT ?[0m  [["id", 1], ["LIMIT", 1]]
  ↳ app/views/pages/home.html.erb:4
  [1m[36mUser Count (0.9ms)[0m  [1m[34mSELECT COUNT(*) FROM "users"[0m
  ↳ app/views/pages/home.html.erb:9
  Rendered pages/home.html.erb within layouts/application (Duration: 12.7ms | Allocations: 1627)
  Rendered layout layouts/application.html.erb (Duration: 18.6ms | Allocations: 3811)
Completed 200 OK in 20ms (Views: 18.4ms | ActiveRecord: 1.2ms | Allocations: 4070)


